Determining if the pthread_create exist failed with the following output:
Change Dir: /home/maria/CLionProjects/untitled2/cmake-build-debug/CMakeFiles/CMakeTmp

Run Build Command:"/usr/bin/make" "cmTC_889f1/fast"
make[1]: Entering directory '/home/maria/CLionProjects/untitled2/cmake-build-debug/CMakeFiles/CMakeTmp'
/usr/bin/make -f CMakeFiles/cmTC_889f1.dir/build.make CMakeFiles/cmTC_889f1.dir/build
make[2]: Entering directory '/home/maria/CLionProjects/untitled2/cmake-build-debug/CMakeFiles/CMakeTmp'
Building C object CMakeFiles/cmTC_889f1.dir/CheckSymbolExists.c.o
/usr/bin/cc    -o CMakeFiles/cmTC_889f1.dir/CheckSymbolExists.c.o   -c /home/maria/CLionProjects/untitled2/cmake-build-debug/CMakeFiles/CMakeTmp/CheckSymbolExists.c
Linking C executable cmTC_889f1
/home/maria/Загрузки/clion-2018.3.4/bin/cmake/linux/bin/cmake -E cmake_link_script CMakeFiles/cmTC_889f1.dir/link.txt --verbose=1
/usr/bin/cc      -rdynamic CMakeFiles/cmTC_889f1.dir/CheckSymbolExists.c.o  -o cmTC_889f1 
CMakeFiles/cmTC_889f1.dir/CheckSymbolExists.c.o: In function `main':
CheckSymbolExists.c:(.text+0x16): undefined reference to `pthread_create'
collect2: error: ld returned 1 exit status
CMakeFiles/cmTC_889f1.dir/build.make:86: recipe for target 'cmTC_889f1' failed
make[2]: *** [cmTC_889f1] Error 1
make[2]: Leaving directory '/home/maria/CLionProjects/untitled2/cmake-build-debug/CMakeFiles/CMakeTmp'
Makefile:121: recipe for target 'cmTC_889f1/fast' failed
make[1]: *** [cmTC_889f1/fast] Error 2
make[1]: Leaving directory '/home/maria/CLionProjects/untitled2/cmake-build-debug/CMakeFiles/CMakeTmp'

File /home/maria/CLionProjects/untitled2/cmake-build-debug/CMakeFiles/CMakeTmp/CheckSymbolExists.c:
/* */
#include <pthread.h>

int main(int argc, char** argv)
{
  (void)argv;
#ifndef pthread_create
  return ((int*)(&pthread_create))[argc];
#else
  (void)argc;
  return 0;
#endif
}

Determining if the function pthread_create exists in the pthreads failed with the following output:
Change Dir: /home/maria/CLionProjects/untitled2/cmake-build-debug/CMakeFiles/CMakeTmp

Run Build Command:"/usr/bin/make" "cmTC_b4afd/fast"
make[1]: Entering directory '/home/maria/CLionProjects/untitled2/cmake-build-debug/CMakeFiles/CMakeTmp'
/usr/bin/make -f CMakeFiles/cmTC_b4afd.dir/build.make CMakeFiles/cmTC_b4afd.dir/build
make[2]: Entering directory '/home/maria/CLionProjects/untitled2/cmake-build-debug/CMakeFiles/CMakeTmp'
Building C object CMakeFiles/cmTC_b4afd.dir/CheckFunctionExists.c.o
/usr/bin/cc   -DCHECK_FUNCTION_EXISTS=pthread_create   -o CMakeFiles/cmTC_b4afd.dir/CheckFunctionExists.c.o   -c /home/maria/Загрузки/clion-2018.3.4/bin/cmake/linux/share/cmake-3.13/Modules/CheckFunctionExists.c
Linking C executable cmTC_b4afd
/home/maria/Загрузки/clion-2018.3.4/bin/cmake/linux/bin/cmake -E cmake_link_script CMakeFiles/cmTC_b4afd.dir/link.txt --verbose=1
/usr/bin/cc  -DCHECK_FUNCTION_EXISTS=pthread_create    -rdynamic CMakeFiles/cmTC_b4afd.dir/CheckFunctionExists.c.o  -o cmTC_b4afd -lpthreads 
/usr/bin/ld: cannot find -lpthreads
collect2: error: ld returned 1 exit status
CMakeFiles/cmTC_b4afd.dir/build.make:86: recipe for target 'cmTC_b4afd' failed
make[2]: *** [cmTC_b4afd] Error 1
make[2]: Leaving directory '/home/maria/CLionProjects/untitled2/cmake-build-debug/CMakeFiles/CMakeTmp'
Makefile:121: recipe for target 'cmTC_b4afd/fast' failed
make[1]: *** [cmTC_b4afd/fast] Error 2
make[1]: Leaving directory '/home/maria/CLionProjects/untitled2/cmake-build-debug/CMakeFiles/CMakeTmp'


